<?xml version="1.0" encoding="UTF-8"?>
<testsuite xmlns:xsi="http://www.w3.org/2001/XMLSchema-instance" xsi:noNamespaceSchemaLocation="https://maven.apache.org/surefire/maven-surefire-plugin/xsd/surefire-test-report.xsd" name="GSTest" time="0.006" tests="21" errors="0" skipped="0" failures="0">
  <properties>
[...]
</properties>
  <testcase name="checkQueueListIteratorNextIndex" classname="GSTest" time="0"/>
  <testcase name="checkStackIteratorhasNext" classname="GSTest" time="0"/>
  <testcase name="checkStackListSetHead" classname="GSTest" time="0"/>
  <testcase name="checkStackPrint" classname="GSTest" time="0.002"/>
  <testcase name="checkStackIteratorNext" classname="GSTest" time="0"/>
  <testcase name="forEach" classname="GSTest" time="0"/>
  <testcase name="checkStackIteratorPrevious" classname="GSTest" time="0"/>
  <testcase name="checkQueueListIteratorNext" classname="GSTest" time="0"/>
  <testcase name="checkQueueListIteratorPrev" classname="GSTest" time="0"/>
  <testcase name="checkStackRemoveTail" classname="GSTest" time="0"/>
  <testcase name="checkStackSetIndex" classname="GSTest" time="0.003"/>
  <testcase name="checkStackGetList" classname="GSTest" time="0"/>
  <testcase name="checkQueueListIteratorPrevIndex" classname="GSTest" time="0"/>
  <testcase name="checkQueueListIteratorHasPrev" classname="GSTest" time="0"/>
  <testcase name="checkStackDumpList" classname="GSTest" time="0"/>
  <testcase name="checkStackListIteratorHasNext" classname="GSTest" time="0"/>
  <testcase name="checkStackDelete" classname="GSTest" time="0"/>
  <testcase name="checkStackLength" classname="GSTest" time="0"/>
  <testcase name="checkStackRemove" classname="GSTest" time="0"/>
  <testcase name="checkStackIteratorHasPrevious" classname="GSTest" time="0"/>
  <testcase name="checkStackSetLength" classname="GSTest" time="0"/>
</testsuite>